#
# There is insufficient memory for the Java Runtime Environment to continue.
# Native memory allocation (malloc) failed to allocate 32744 bytes for ChunkPool::allocate
# Possible reasons:
#   The system is out of physical RAM or swap space
#   The process is running with CompressedOops enabled, and the Java Heap may be blocking the growth of the native heap
# Possible solutions:
#   Reduce memory load on the system
#   Increase physical memory or swap space
#   Check if swap backing store is full
#   Decrease Java heap size (-Xmx/-Xms)
#   Decrease number of Java threads
#   Decrease Java thread stack sizes (-Xss)
#   Set larger code cache with -XX:ReservedCodeCacheSize=
#   JVM is running with Zero Based Compressed Oops mode in which the Java heap is
#     placed in the first 32GB address space. The Java Heap base address is the
#     maximum limit for the native heap growth. Please use -XX:HeapBaseMinAddress
#     to set the Java Heap base and to place the Java Heap above 32GB virtual address.
# This output file may be truncated or incomplete.
#
#  Out of Memory Error (arena.cpp:78), pid=11744, tid=7564
#
# JRE version: Java(TM) SE Runtime Environment (17.0.12+8) (build 17.0.12+8-LTS-286)
# Java VM: Java HotSpot(TM) 64-Bit Server VM (17.0.12+8-LTS-286, mixed mode, sharing, tiered, compressed oops, compressed class ptrs, g1 gc, windows-amd64)
# No core dump will be written. Minidumps are not enabled by default on client versions of Windows
#

---------------  S U M M A R Y ------------

Command Line: C:\Users\manoj\AppData\Local\Temp\surefire14364746757495096878\surefirebooter-20250410142225382_3.jar C:\Users\manoj\AppData\Local\Temp\surefire14364746757495096878 2025-04-10T14-22-25_222-jvmRun1 surefire-20250410142225382_1tmp surefire_0-20250410142225382_2tmp

Host: 12th Gen Intel(R) Core(TM) i5-1235U, 12 cores, 15G,  Windows 11 , 64 bit Build 26100 (10.0.26100.3775)
Time: Thu Apr 10 14:22:49 2025 India Standard Time elapsed time: 24.339514 seconds (0d 0h 0m 24s)

---------------  T H R E A D  ---------------

Current thread (0x000001ff180015c0):  JavaThread "C1 CompilerThread0" daemon [_thread_in_native, id=7564, stack(0x00000051d9a00000,0x00000051d9b00000)]


Current CompileTask:
C1:  24340 2153       3       sun.security.provider.ByteArrayAccess::b2iBig64 (231 bytes)

Stack: [0x00000051d9a00000,0x00000051d9b00000]
Native frames: (J=compiled Java code, j=interpreted, Vv=VM code, C=native code)
V  [jvm.dll+0x67a04a]
V  [jvm.dll+0x7da4ed]
V  [jvm.dll+0x7dbe33]
V  [jvm.dll+0x7dc4a3]
V  [jvm.dll+0x24508f]
V  [jvm.dll+0xab9a4]
V  [jvm.dll+0xabd3c]
V  [jvm.dll+0x169459]
V  [jvm.dll+0x163812]
V  [jvm.dll+0x15e16e]
V  [jvm.dll+0x14c490]
V  [jvm.dll+0x1355a7]
V  [jvm.dll+0x134eff]
V  [jvm.dll+0x135148]
V  [jvm.dll+0x1345d1]
V  [jvm.dll+0x1362bd]
V  [jvm.dll+0x22610b]
V  [jvm.dll+0x2242ab]
V  [jvm.dll+0x79075c]
V  [jvm.dll+0x78abea]
V  [jvm.dll+0x678f35]
C  [ucrtbase.dll+0x37b0]
C  [KERNEL32.DLL+0x2e8d7]
C  [ntdll.dll+0xb14fc]


---------------  P R O C E S S  ---------------

Threads class SMR info:
_java_thread_list=0x000001ff19896070, length=30, elements={
0x000001feadb8daa0, 0x000001fed2c5fe70, 0x000001fed2c614b0, 0x000001fed2c78900,
0x000001fed2c7e200, 0x000001fed2c7ead0, 0x000001ff1800b030, 0x000001ff18000c00,
0x000001ff180015c0, 0x000001ff1802b910, 0x000001ff18164900, 0x000001ff1816d210,
0x000001ff182f0500, 0x000001ff18304c30, 0x000001ff18b9f0b0, 0x000001ff18b9f590,
0x000001ff18f774b0, 0x000001ff195704d0, 0x000001ff1956fab0, 0x000001ff1956ffc0,
0x000001ff195709e0, 0x000001ff1956f5a0, 0x000001ff19391060, 0x000001ff193933d0,
0x000001ff193938e0, 0x000001ff19393df0, 0x000001ff19394300, 0x000001ff19394810,
0x000001ff19394d20, 0x000001ff19391570
}

Java Threads: ( => current thread )
  0x000001feadb8daa0 JavaThread "main" [_thread_in_vm, id=28404, stack(0x00000051d8c00000,0x00000051d8d00000)]
  0x000001fed2c5fe70 JavaThread "Reference Handler" daemon [_thread_blocked, id=15584, stack(0x00000051d9300000,0x00000051d9400000)]
  0x000001fed2c614b0 JavaThread "Finalizer" daemon [_thread_blocked, id=22060, stack(0x00000051d9400000,0x00000051d9500000)]
  0x000001fed2c78900 JavaThread "Signal Dispatcher" daemon [_thread_blocked, id=31556, stack(0x00000051d9500000,0x00000051d9600000)]
  0x000001fed2c7e200 JavaThread "Attach Listener" daemon [_thread_blocked, id=5516, stack(0x00000051d9600000,0x00000051d9700000)]
  0x000001fed2c7ead0 JavaThread "Service Thread" daemon [_thread_blocked, id=28960, stack(0x00000051d9700000,0x00000051d9800000)]
  0x000001ff1800b030 JavaThread "Monitor Deflation Thread" daemon [_thread_blocked, id=20396, stack(0x00000051d9800000,0x00000051d9900000)]
  0x000001ff18000c00 JavaThread "C2 CompilerThread0" daemon [_thread_blocked, id=30780, stack(0x00000051d9900000,0x00000051d9a00000)]
=>0x000001ff180015c0 JavaThread "C1 CompilerThread0" daemon [_thread_in_native, id=7564, stack(0x00000051d9a00000,0x00000051d9b00000)]
  0x000001ff1802b910 JavaThread "Sweeper thread" daemon [_thread_blocked, id=29020, stack(0x00000051d9b00000,0x00000051d9c00000)]
  0x000001ff18164900 JavaThread "Notification Thread" daemon [_thread_blocked, id=29816, stack(0x00000051d9c00000,0x00000051d9d00000)]
  0x000001ff1816d210 JavaThread "Common-Cleaner" daemon [_thread_blocked, id=23912, stack(0x00000051d9e00000,0x00000051d9f00000)]
  0x000001ff182f0500 JavaThread "surefire-forkedjvm-stream-flusher" daemon [_thread_blocked, id=30640, stack(0x00000051d9f00000,0x00000051da000000)]
  0x000001ff18304c30 JavaThread "surefire-forkedjvm-command-thread" daemon [_thread_in_native, id=9208, stack(0x00000051da000000,0x00000051da100000)]
  0x000001ff18b9f0b0 JavaThread "ForkJoinPool.commonPool-worker-1" daemon [_thread_blocked, id=18312, stack(0x00000051da300000,0x00000051da400000)]
  0x000001ff18b9f590 JavaThread "ForkJoinPool.commonPool-worker-2" daemon [_thread_blocked, id=30372, stack(0x00000051da400000,0x00000051da500000)]
  0x000001ff18f774b0 JavaThread "HttpClient-1-SelectorManager" daemon [_thread_in_native, id=21984, stack(0x00000051dae00000,0x00000051daf00000)]
  0x000001ff195704d0 JavaThread "External Process Output Forwarder - C:\Users\manoj\.cache\selenium\chromedriver\win64\135.0.7049.84\chromedriver.exe" daemon [_thread_in_native, id=10420, stack(0x00000051daf00000,0x00000051db000000)]
  0x000001ff1956fab0 JavaThread "Driver Service Executor" daemon [_thread_blocked, id=27820, stack(0x00000051db000000,0x00000051db100000)]
  0x000001ff1956ffc0 JavaThread "Driver Service Executor" daemon [_thread_blocked, id=10624, stack(0x00000051db100000,0x00000051db200000)]
  0x000001ff195709e0 JavaThread "UrlChecker-2" daemon [_thread_blocked, id=27424, stack(0x00000051db200000,0x00000051db300000)]
  0x000001ff1956f5a0 JavaThread "JdkHttpClient-0-0" daemon [_thread_blocked, id=26804, stack(0x00000051da100000,0x00000051da200000)]
  0x000001ff19391060 JavaThread "CompletableFutureDelayScheduler" daemon [_thread_blocked, id=24772, stack(0x00000051db400000,0x00000051db500000)]
  0x000001ff193933d0 JavaThread "JdkHttpClient-0-1" daemon [_thread_blocked, id=20724, stack(0x00000051db500000,0x00000051db600000)]
  0x000001ff193938e0 JavaThread "JdkHttpClient-0-2" daemon [_thread_blocked, id=31012, stack(0x00000051db600000,0x00000051db700000)]
  0x000001ff19393df0 JavaThread "JdkHttpClient-0-3" daemon [_thread_blocked, id=12256, stack(0x00000051db700000,0x00000051db800000)]
  0x000001ff19394300 JavaThread "HttpClient-2-SelectorManager" daemon [_thread_in_native, id=29248, stack(0x00000051db800000,0x00000051db900000)]
  0x000001ff19394810 JavaThread "JdkHttpClient-1-0" daemon [_thread_blocked, id=9824, stack(0x00000051db900000,0x00000051dba00000)]
  0x000001ff19394d20 JavaThread "JdkHttpClient-1-1" daemon [_thread_blocked, id=31732, stack(0x00000051dba00000,0x00000051dbb00000)]
  0x000001ff19391570 JavaThread "JdkHttpClient-1-2" daemon [_thread_blocked, id=7048, stack(0x00000051dbb00000,0x00000051dbc00000)]

Other Threads:
  0x000001fed2c5a1a0 VMThread "VM Thread" [stack: 0x00000051d9200000,0x00000051d9300000] [id=1324]
  0x000001feafd03ed0 WatcherThread [stack: 0x00000051d9d00000,0x00000051d9e00000] [id=8704]
  0x000001feafce9990 GCTaskThread "GC Thread#0" [stack: 0x00000051d8d00000,0x00000051d8e00000] [id=31376]
  0x000001ff18b9fa70 GCTaskThread "GC Thread#1" [stack: 0x00000051da500000,0x00000051da600000] [id=17428]
  0x000001ff18b9bdf0 GCTaskThread "GC Thread#2" [stack: 0x00000051da600000,0x00000051da700000] [id=30416]
  0x000001ff18b9c0b0 GCTaskThread "GC Thread#3" [stack: 0x00000051da700000,0x00000051da800000] [id=23476]
  0x000001ff18b9c370 GCTaskThread "GC Thread#4" [stack: 0x00000051da800000,0x00000051da900000] [id=8636]
  0x000001ff18c7e390 GCTaskThread "GC Thread#5" [stack: 0x00000051da900000,0x00000051daa00000] [id=21060]
  0x000001ff1907e750 GCTaskThread "GC Thread#6" [stack: 0x00000051daa00000,0x00000051dab00000] [id=15336]
  0x000001ff1914ed60 GCTaskThread "GC Thread#7" [stack: 0x00000051dab00000,0x00000051dac00000] [id=27968]
  0x000001ff1914f020 GCTaskThread "GC Thread#8" [stack: 0x00000051dac00000,0x00000051dad00000] [id=22612]
  0x000001ff192054c0 GCTaskThread "GC Thread#9" [stack: 0x00000051dbc00000,0x00000051dbd00000] [id=29820]
  0x000001feafcfa300 ConcurrentGCThread "G1 Main Marker" [stack: 0x00000051d8e00000,0x00000051d8f00000] [id=28932]
  0x000001feafcfb8f0 ConcurrentGCThread "G1 Conc#0" [stack: 0x00000051d8f00000,0x00000051d9000000] [id=23888]
  0x000001fed2b15100 ConcurrentGCThread "G1 Refine#0" [stack: 0x00000051d9000000,0x00000051d9100000] [id=4440]
  0x000001ff1850d670 ConcurrentGCThread "G1 Refine#1" [stack: 0x00000051dad00000,0x00000051dae00000] [id=11664]
  0x000001fed2b15a40 ConcurrentGCThread "G1 Service" [stack: 0x00000051d9100000,0x00000051d9200000] [id=27000]

Threads with active compile tasks:
C1 CompilerThread0    24417 2153       3       sun.security.provider.ByteArrayAccess::b2iBig64 (231 bytes)

VM state: not at safepoint (normal execution)

VM Mutex/Monitor currently owned by a thread:  ([mutex/lock_event])
[0x000001feadb8b2d0] Threads_lock - owner thread: 0x000001feadb8daa0

Heap address: 0x0000000704e00000, size: 4018 MB, Compressed Oops mode: Zero based, Oop shift amount: 3

CDS archive(s) mapped at: [0x000001fed3000000-0x000001fed3bd0000-0x000001fed3bd0000), size 12386304, SharedBaseAddress: 0x000001fed3000000, ArchiveRelocationMode: 1.
Compressed class space mapped at: 0x000001fed4000000-0x000001ff14000000, reserved size: 1073741824
Narrow klass base: 0x000001fed3000000, Narrow klass shift: 0, Narrow klass range: 0x100000000

GC Precious Log:
 CPUs: 12 total, 12 available
 Memory: 16068M
 Large Page Support: Disabled
 NUMA Support: Disabled
 Compressed Oops: Enabled (Zero based)
 Heap Region Size: 2M
 Heap Min Capacity: 8M
 Heap Initial Capacity: 252M
 Heap Max Capacity: 4018M
 Pre-touch: Disabled
 Parallel Workers: 10
 Concurrent Workers: 3
 Concurrent Refinement Workers: 10
 Periodic GC: Disabled

Heap:
 garbage-first heap   total 258048K, used 15702K [0x0000000704e00000, 0x0000000800000000)
  region size 2048K, 6 young (12288K), 2 survivors (4096K)
 Metaspace       used 17007K, committed 17408K, reserved 1114112K
  class space    used 2095K, committed 2304K, reserved 1048576K

Heap Regions: E=young(eden), S=young(survivor), O=old, HS=humongous(starts), HC=humongous(continues), CS=collection set, F=free, OA=open archive, CA=closed archive, TAMS=top-at-mark-start (previous, next)
|   0|0x0000000704e00000, 0x0000000705000000, 0x0000000705000000|100%| O|  |TAMS 0x0000000704e00000, 0x0000000704e00000| Untracked 
|   1|0x0000000705000000, 0x0000000705200000, 0x0000000705200000|100%| O|  |TAMS 0x0000000705000000, 0x0000000705000000| Untracked 
|   2|0x0000000705200000, 0x0000000705400000, 0x0000000705400000|100%| O|  |TAMS 0x0000000705200000, 0x0000000705200000| Untracked 
|   3|0x0000000705400000, 0x0000000705454000, 0x0000000705600000| 16%| O|  |TAMS 0x0000000705400000, 0x0000000705400000| Untracked 
|   4|0x0000000705600000, 0x0000000705600000, 0x0000000705800000|  0%| F|  |TAMS 0x0000000705600000, 0x0000000705600000| Untracked 
|   5|0x0000000705800000, 0x0000000705800000, 0x0000000705a00000|  0%| F|  |TAMS 0x0000000705800000, 0x0000000705800000| Untracked 
|   6|0x0000000705a00000, 0x0000000705a00000, 0x0000000705c00000|  0%| F|  |TAMS 0x0000000705a00000, 0x0000000705a00000| Untracked 
|   7|0x0000000705c00000, 0x0000000705c00000, 0x0000000705e00000|  0%| F|  |TAMS 0x0000000705c00000, 0x0000000705c00000| Untracked 
|   8|0x0000000705e00000, 0x0000000705e00000, 0x0000000706000000|  0%| F|  |TAMS 0x0000000705e00000, 0x0000000705e00000| Untracked 
|   9|0x0000000706000000, 0x0000000706000000, 0x0000000706200000|  0%| F|  |TAMS 0x0000000706000000, 0x0000000706000000| Untracked 
|  10|0x0000000706200000, 0x0000000706200000, 0x0000000706400000|  0%| F|  |TAMS 0x0000000706200000, 0x0000000706200000| Untracked 
|  11|0x0000000706400000, 0x0000000706400000, 0x0000000706600000|  0%| F|  |TAMS 0x0000000706400000, 0x0000000706400000| Untracked 
|  12|0x0000000706600000, 0x0000000706600000, 0x0000000706800000|  0%| F|  |TAMS 0x0000000706600000, 0x0000000706600000| Untracked 
|  13|0x0000000706800000, 0x0000000706800000, 0x0000000706a00000|  0%| F|  |TAMS 0x0000000706800000, 0x0000000706800000| Untracked 
|  14|0x0000000706a00000, 0x0000000706a00000, 0x0000000706c00000|  0%| F|  |TAMS 0x0000000706a00000, 0x0000000706a00000| Untracked 
|  15|0x0000000706c00000, 0x0000000706c00000, 0x0000000706e00000|  0%| F|  |TAMS 0x0000000706c00000, 0x0000000706c00000| Untracked 
|  16|0x0000000706e00000, 0x0000000706e00000, 0x0000000707000000|  0%| F|  |TAMS 0x0000000706e00000, 0x0000000706e00000| Untracked 
|  17|0x0000000707000000, 0x0000000707000000, 0x0000000707200000|  0%| F|  |TAMS 0x0000000707000000, 0x0000000707000000| Untracked 
|  18|0x0000000707200000, 0x0000000707200000, 0x0000000707400000|  0%| F|  |TAMS 0x0000000707200000, 0x0000000707200000| Untracked 
|  19|0x0000000707400000, 0x0000000707400000, 0x0000000707600000|  0%| F|  |TAMS 0x0000000707400000, 0x0000000707400000| Untracked 
|  20|0x0000000707600000, 0x0000000707600000, 0x0000000707800000|  0%| F|  |TAMS 0x0000000707600000, 0x0000000707600000| Untracked 
|  21|0x0000000707800000, 0x0000000707800000, 0x0000000707a00000|  0%| F|  |TAMS 0x0000000707800000, 0x0000000707800000| Untracked 
|  22|0x0000000707a00000, 0x0000000707a00000, 0x0000000707c00000|  0%| F|  |TAMS 0x0000000707a00000, 0x0000000707a00000| Untracked 
|  23|0x0000000707c00000, 0x0000000707c00000, 0x0000000707e00000|  0%| F|  |TAMS 0x0000000707c00000, 0x0000000707c00000| Untracked 
|  24|0x0000000707e00000, 0x0000000707e00000, 0x0000000708000000|  0%| F|  |TAMS 0x0000000707e00000, 0x0000000707e00000| Untracked 
|  25|0x0000000708000000, 0x0000000708000000, 0x0000000708200000|  0%| F|  |TAMS 0x0000000708000000, 0x0000000708000000| Untracked 
|  26|0x0000000708200000, 0x0000000708200000, 0x0000000708400000|  0%| F|  |TAMS 0x0000000708200000, 0x0000000708200000| Untracked 
|  27|0x0000000708400000, 0x0000000708400000, 0x0000000708600000|  0%| F|  |TAMS 0x0000000708400000, 0x0000000708400000| Untracked 
|  28|0x0000000708600000, 0x0000000708600000, 0x0000000708800000|  0%| F|  |TAMS 0x0000000708600000, 0x0000000708600000| Untracked 
|  29|0x0000000708800000, 0x0000000708800000, 0x0000000708a00000|  0%| F|  |TAMS 0x0000000708800000, 0x0000000708800000| Untracked 
|  30|0x0000000708a00000, 0x0000000708a00000, 0x0000000708c00000|  0%| F|  |TAMS 0x0000000708a00000, 0x0000000708a00000| Untracked 
|  31|0x0000000708c00000, 0x0000000708c00000, 0x0000000708e00000|  0%| F|  |TAMS 0x0000000708c00000, 0x0000000708c00000| Untracked 
|  32|0x0000000708e00000, 0x0000000708e00000, 0x0000000709000000|  0%| F|  |TAMS 0x0000000708e00000, 0x0000000708e00000| Untracked 
|  33|0x0000000709000000, 0x0000000709000000, 0x0000000709200000|  0%| F|  |TAMS 0x0000000709000000, 0x0000000709000000| Untracked 
|  34|0x0000000709200000, 0x0000000709200000, 0x0000000709400000|  0%| F|  |TAMS 0x0000000709200000, 0x0000000709200000| Untracked 
|  35|0x0000000709400000, 0x0000000709400000, 0x0000000709600000|  0%| F|  |TAMS 0x0000000709400000, 0x0000000709400000| Untracked 
|  36|0x0000000709600000, 0x0000000709600000, 0x0000000709800000|  0%| F|  |TAMS 0x0000000709600000, 0x0000000709600000| Untracked 
|  37|0x0000000709800000, 0x0000000709800000, 0x0000000709a00000|  0%| F|  |TAMS 0x0000000709800000, 0x0000000709800000| Untracked 
|  38|0x0000000709a00000, 0x0000000709a00000, 0x0000000709c00000|  0%| F|  |TAMS 0x0000000709a00000, 0x0000000709a00000| Untracked 
|  39|0x0000000709c00000, 0x0000000709c00000, 0x0000000709e00000|  0%| F|  |TAMS 0x0000000709c00000, 0x0000000709c00000| Untracked 
|  40|0x0000000709e00000, 0x0000000709e00000, 0x000000070a000000|  0%| F|  |TAMS 0x0000000709e00000, 0x0000000709e00000| Untracked 
|  41|0x000000070a000000, 0x000000070a000000, 0x000000070a200000|  0%| F|  |TAMS 0x000000070a000000, 0x000000070a000000| Untracked 
|  42|0x000000070a200000, 0x000000070a200000, 0x000000070a400000|  0%| F|  |TAMS 0x000000070a200000, 0x000000070a200000| Untracked 
|  43|0x000000070a400000, 0x000000070a400000, 0x000000070a600000|  0%| F|  |TAMS 0x000000070a400000, 0x000000070a400000| Untracked 
|  44|0x000000070a600000, 0x000000070a600000, 0x000000070a800000|  0%| F|  |TAMS 0x000000070a600000, 0x000000070a600000| Untracked 
|  45|0x000000070a800000, 0x000000070a800000, 0x000000070aa00000|  0%| F|  |TAMS 0x000000070a800000, 0x000000070a800000| Untracked 
|  46|0x000000070aa00000, 0x000000070aa00000, 0x000000070ac00000|  0%| F|  |TAMS 0x000000070aa00000, 0x000000070aa00000| Untracked 
|  47|0x000000070ac00000, 0x000000070ac00000, 0x000000070ae00000|  0%| F|  |TAMS 0x000000070ac00000, 0x000000070ac00000| Untracked 
|  48|0x000000070ae00000, 0x000000070ae00000, 0x000000070b000000|  0%| F|  |TAMS 0x000000070ae00000, 0x000000070ae00000| Untracked 
|  49|0x000000070b000000, 0x000000070b000000, 0x000000070b200000|  0%| F|  |TAMS 0x000000070b000000, 0x000000070b000000| Untracked 
|  50|0x000000070b200000, 0x000000070b200000, 0x000000070b400000|  0%| F|  |TAMS 0x000000070b200000, 0x000000070b200000| Untracked 
|  51|0x000000070b400000, 0x000000070b400000, 0x000000070b600000|  0%| F|  |TAMS 0x000000070b400000, 0x000000070b400000| Untracked 
|  52|0x000000070b600000, 0x000000070b600000, 0x000000070b800000|  0%| F|  |TAMS 0x000000070b600000, 0x000000070b600000| Untracked 
|  53|0x000000070b800000, 0x000000070b800000, 0x000000070ba00000|  0%| F|  |TAMS 0x000000070b800000, 0x000000070b800000| Untracked 
|  54|0x000000070ba00000, 0x000000070ba00000, 0x000000070bc00000|  0%| F|  |TAMS 0x000000070ba00000, 0x000000070ba00000| Untracked 
|  55|0x000000070bc00000, 0x000000070bc00000, 0x000000070be00000|  0%| F|  |TAMS 0x000000070bc00000, 0x000000070bc00000| Untracked 
|  56|0x000000070be00000, 0x000000070be00000, 0x000000070c000000|  0%| F|  |TAMS 0x000000070be00000, 0x000000070be00000| Untracked 
|  57|0x000000070c000000, 0x000000070c000000, 0x000000070c200000|  0%| F|  |TAMS 0x000000070c000000, 0x000000070c000000| Untracked 
|  58|0x000000070c200000, 0x000000070c200000, 0x000000070c400000|  0%| F|  |TAMS 0x000000070c200000, 0x000000070c200000| Untracked 
|  59|0x000000070c400000, 0x000000070c400000, 0x000000070c600000|  0%| F|  |TAMS 0x000000070c400000, 0x000000070c400000| Untracked 
|  60|0x000000070c600000, 0x000000070c600000, 0x000000070c800000|  0%| F|  |TAMS 0x000000070c600000, 0x000000070c600000| Untracked 
|  61|0x000000070c800000, 0x000000070c800000, 0x000000070ca00000|  0%| F|  |TAMS 0x000000070c800000, 0x000000070c800000| Untracked 
|  62|0x000000070ca00000, 0x000000070ca00000, 0x000000070cc00000|  0%| F|  |TAMS 0x000000070ca00000, 0x000000070ca00000| Untracked 
|  63|0x000000070cc00000, 0x000000070cc00000, 0x000000070ce00000|  0%| F|  |TAMS 0x000000070cc00000, 0x000000070cc00000| Untracked 
|  64|0x000000070ce00000, 0x000000070ce00000, 0x000000070d000000|  0%| F|  |TAMS 0x000000070ce00000, 0x000000070ce00000| Untracked 
|  65|0x000000070d000000, 0x000000070d000000, 0x000000070d200000|  0%| F|  |TAMS 0x000000070d000000, 0x000000070d000000| Untracked 
|  66|0x000000070d200000, 0x000000070d200000, 0x000000070d400000|  0%| F|  |TAMS 0x000000070d200000, 0x000000070d200000| Untracked 
|  67|0x000000070d400000, 0x000000070d400000, 0x000000070d600000|  0%| F|  |TAMS 0x000000070d400000, 0x000000070d400000| Untracked 
|  68|0x000000070d600000, 0x000000070d600000, 0x000000070d800000|  0%| F|  |TAMS 0x000000070d600000, 0x000000070d600000| Untracked 
|  69|0x000000070d800000, 0x000000070d800000, 0x000000070da00000|  0%| F|  |TAMS 0x000000070d800000, 0x000000070d800000| Untracked 
|  70|0x000000070da00000, 0x000000070da00000, 0x000000070dc00000|  0%| F|  |TAMS 0x000000070da00000, 0x000000070da00000| Untracked 
|  71|0x000000070dc00000, 0x000000070dc00000, 0x000000070de00000|  0%| F|  |TAMS 0x000000070dc00000, 0x000000070dc00000| Untracked 
|  72|0x000000070de00000, 0x000000070de00000, 0x000000070e000000|  0%| F|  |TAMS 0x000000070de00000, 0x000000070de00000| Untracked 
|  73|0x000000070e000000, 0x000000070e000000, 0x000000070e200000|  0%| F|  |TAMS 0x000000070e000000, 0x000000070e000000| Untracked 
|  74|0x000000070e200000, 0x000000070e200000, 0x000000070e400000|  0%| F|  |TAMS 0x000000070e200000, 0x000000070e200000| Untracked 
|  75|0x000000070e400000, 0x000000070e400000, 0x000000070e600000|  0%| F|  |TAMS 0x000000070e400000, 0x000000070e400000| Untracked 
|  76|0x000000070e600000, 0x000000070e600000, 0x000000070e800000|  0%| F|  |TAMS 0x000000070e600000, 0x000000070e600000| Untracked 
|  77|0x000000070e800000, 0x000000070e800000, 0x000000070ea00000|  0%| F|  |TAMS 0x000000070e800000, 0x000000070e800000| Untracked 
|  78|0x000000070ea00000, 0x000000070ea00000, 0x000000070ec00000|  0%| F|  |TAMS 0x000000070ea00000, 0x000000070ea00000| Untracked 
|  79|0x000000070ec00000, 0x000000070ec00000, 0x000000070ee00000|  0%| F|  |TAMS 0x000000070ec00000, 0x000000070ec00000| Untracked 
|  80|0x000000070ee00000, 0x000000070ee00000, 0x000000070f000000|  0%| F|  |TAMS 0x000000070ee00000, 0x000000070ee00000| Untracked 
|  81|0x000000070f000000, 0x000000070f000000, 0x000000070f200000|  0%| F|  |TAMS 0x000000070f000000, 0x000000070f000000| Untracked 
|  82|0x000000070f200000, 0x000000070f200000, 0x000000070f400000|  0%| F|  |TAMS 0x000000070f200000, 0x000000070f200000| Untracked 
|  83|0x000000070f400000, 0x000000070f400000, 0x000000070f600000|  0%| F|  |TAMS 0x000000070f400000, 0x000000070f400000| Untracked 
|  84|0x000000070f600000, 0x000000070f600000, 0x000000070f800000|  0%| F|  |TAMS 0x000000070f600000, 0x000000070f600000| Untracked 
|  85|0x000000070f800000, 0x000000070f800000, 0x000000070fa00000|  0%| F|  |TAMS 0x000000070f800000, 0x000000070f800000| Untracked 
|  86|0x000000070fa00000, 0x000000070fa00000, 0x000000070fc00000|  0%| F|  |TAMS 0x000000070fa00000, 0x000000070fa00000| Untracked 
|  87|0x000000070fc00000, 0x000000070fc00000, 0x000000070fe00000|  0%| F|  |TAMS 0x000000070fc00000, 0x000000070fc00000| Untracked 
|  88|0x000000070fe00000, 0x000000070fe00000, 0x0000000710000000|  0%| F|  |TAMS 0x000000070fe00000, 0x000000070fe00000| Untracked 
|  89|0x0000000710000000, 0x0000000710000000, 0x0000000710200000|  0%| F|  |TAMS 0x0000000710000000, 0x0000000710000000| Untracked 
|  90|0x0000000710200000, 0x0000000710200000, 0x0000000710400000|  0%| F|  |TAMS 0x0000000710200000, 0x0000000710200000| Untracked 
|  91|0x0000000710400000, 0x0000000710400000, 0x0000000710600000|  0%| F|  |TAMS 0x0000000710400000, 0x0000000710400000| Untracked 
|  92|0x0000000710600000, 0x0000000710600000, 0x0000000710800000|  0%| F|  |TAMS 0x0000000710600000, 0x0000000710600000| Untracked 
|  93|0x0000000710800000, 0x0000000710800000, 0x0000000710a00000|  0%| F|  |TAMS 0x0000000710800000, 0x0000000710800000| Untracked 
|  94|0x0000000710a00000, 0x0000000710a00000, 0x0000000710c00000|  0%| F|  |TAMS 0x0000000710a00000, 0x0000000710a00000| Untracked 
|  95|0x0000000710c00000, 0x0000000710c00000, 0x0000000710e00000|  0%| F|  |TAMS 0x0000000710c00000, 0x0000000710c00000| Untracked 
|  96|0x0000000710e00000, 0x0000000710e00000, 0x0000000711000000|  0%| F|  |TAMS 0x0000000710e00000, 0x0000000710e00000| Untracked 
|  97|0x0000000711000000, 0x0000000711000000, 0x0000000711200000|  0%| F|  |TAMS 0x0000000711000000, 0x0000000711000000| Untracked 
|  98|0x0000000711200000, 0x0000000711200000, 0x0000000711400000|  0%| F|  |TAMS 0x0000000711200000, 0x0000000711200000| Untracked 
|  99|0x0000000711400000, 0x0000000711400000, 0x0000000711600000|  0%| F|  |TAMS 0x0000000711400000, 0x0000000711400000| Untracked 
| 100|0x0000000711600000, 0x0000000711600000, 0x0000000711800000|  0%| F|  |TAMS 0x0000000711600000, 0x0000000711600000| Untracked 
| 101|0x0000000711800000, 0x0000000711800000, 0x0000000711a00000|  0%| F|  |TAMS 0x0000000711800000, 0x0000000711800000| Untracked 
| 102|0x0000000711a00000, 0x0000000711a00000, 0x0000000711c00000|  0%| F|  |TAMS 0x0000000711a00000, 0x0000000711a00000| Untracked 
| 103|0x0000000711c00000, 0x0000000711c00000, 0x0000000711e00000|  0%| F|  |TAMS 0x0000000711c00000, 0x0000000711c00000| Untracked 
| 104|0x0000000711e00000, 0x0000000711e00000, 0x0000000712000000|  0%| F|  |TAMS 0x0000000711e00000, 0x0000000711e00000| Untracked 
| 105|0x0000000712000000, 0x0000000712000000, 0x0000000712200000|  0%| F|  |TAMS 0x0000000712000000, 0x0000000712000000| Untracked 
| 106|0x0000000712200000, 0x0000000712200000, 0x0000000712400000|  0%| F|  |TAMS 0x0000000712200000, 0x0000000712200000| Untracked 
| 107|0x0000000712400000, 0x0000000712400000, 0x0000000712600000|  0%| F|  |TAMS 0x0000000712400000, 0x0000000712400000| Untracked 
| 108|0x0000000712600000, 0x0000000712600000, 0x0000000712800000|  0%| F|  |TAMS 0x0000000712600000, 0x0000000712600000| Untracked 
| 109|0x0000000712800000, 0x0000000712800000, 0x0000000712a00000|  0%| F|  |TAMS 0x0000000712800000, 0x0000000712800000| Untracked 
| 110|0x0000000712a00000, 0x0000000712a00000, 0x0000000712c00000|  0%| F|  |TAMS 0x0000000712a00000, 0x0000000712a00000| Untracked 
| 111|0x0000000712c00000, 0x0000000712d01870, 0x0000000712e00000| 50%| S|CS|TAMS 0x0000000712c00000, 0x0000000712c00000| Complete 
| 112|0x0000000712e00000, 0x0000000713000000, 0x0000000713000000|100%| S|CS|TAMS 0x0000000712e00000, 0x0000000712e00000| Complete 
| 113|0x0000000713000000, 0x0000000713000000, 0x0000000713200000|  0%| F|  |TAMS 0x0000000713000000, 0x0000000713000000| Untracked 
| 114|0x0000000713200000, 0x0000000713200000, 0x0000000713400000|  0%| F|  |TAMS 0x0000000713200000, 0x0000000713200000| Untracked 
| 115|0x0000000713400000, 0x0000000713400000, 0x0000000713600000|  0%| F|  |TAMS 0x0000000713400000, 0x0000000713400000| Untracked 
| 116|0x0000000713600000, 0x0000000713600000, 0x0000000713800000|  0%| F|  |TAMS 0x0000000713600000, 0x0000000713600000| Untracked 
| 117|0x0000000713800000, 0x0000000713800000, 0x0000000713a00000|  0%| F|  |TAMS 0x0000000713800000, 0x0000000713800000| Untracked 
| 118|0x0000000713a00000, 0x0000000713a00000, 0x0000000713c00000|  0%| F|  |TAMS 0x0000000713a00000, 0x0000000713a00000| Untracked 
| 119|0x0000000713c00000, 0x0000000713c00000, 0x0000000713e00000|  0%| F|  |TAMS 0x0000000713c00000, 0x0000000713c00000| Untracked 
| 120|0x0000000713e00000, 0x0000000713e00000, 0x0000000714000000|  0%| F|  |TAMS 0x0000000713e00000, 0x0000000713e00000| Untracked 
| 121|0x0000000714000000, 0x0000000714000000, 0x0000000714200000|  0%| F|  |TAMS 0x0000000714000000, 0x0000000714000000| Untracked 
| 122|0x0000000714200000, 0x0000000714200800, 0x0000000714400000|  0%| E|  |TAMS 0x0000000714200000, 0x0000000714200000| Complete 
| 123|0x0000000714400000, 0x0000000714600000, 0x0000000714600000|100%| E|CS|TAMS 0x0000000714400000, 0x0000000714400000| Complete 
| 124|0x0000000714600000, 0x0000000714800000, 0x0000000714800000|100%| E|CS|TAMS 0x0000000714600000, 0x0000000714600000| Complete 
| 125|0x0000000714800000, 0x0000000714a00000, 0x0000000714a00000|100%| E|CS|TAMS 0x0000000714800000, 0x0000000714800000| Complete 

Card table byte_map: [0x000001fec7270000,0x000001fec7a50000] _byte_map_base: 0x000001fec3a49000

Marking Bits (Prev, Next): (CMBitMap*) 0x000001feafce9ec0, (CMBitMap*) 0x000001feafce9f00
 Prev Bits: [0x000001fec8230000, 0x000001fecc0f8000)
 Next Bits: [0x000001fecc100000, 0x000001fecffc8000)

Polling page: 0x000001feadc60000

Metaspace:

Usage:
  Non-class:     14.56 MB used.
      Class:      2.05 MB used.
       Both:     16.61 MB used.

Virtual space:
  Non-class space:       64.00 MB reserved,      14.75 MB ( 23%) committed,  1 nodes.
      Class space:        1.00 GB reserved,       2.25 MB ( <1%) committed,  1 nodes.
             Both:        1.06 GB reserved,      17.00 MB (  2%) committed. 

Chunk freelists:
   Non-Class:  1.06 MB
       Class:  13.80 MB
        Both:  14.86 MB

MaxMetaspaceSize: unlimited
CompressedClassSpaceSize: 1.00 GB
Initial GC threshold: 21.00 MB
Current GC threshold: 21.00 MB
CDS: on
MetaspaceReclaimPolicy: balanced
 - commit_granule_bytes: 65536.
 - commit_granule_words: 8192.
 - virtual_space_node_default_size: 8388608.
 - enlarge_chunks_in_place: 1.
 - new_chunks_are_fully_committed: 0.
 - uncommit_free_chunks: 1.
 - use_allocation_guard: 0.
 - handle_deallocations: 1.


Internal statistics:

num_allocs_failed_limit: 0.
num_arena_births: 356.
num_arena_deaths: 0.
num_vsnodes_births: 2.
num_vsnodes_deaths: 0.
num_space_committed: 272.
num_space_uncommitted: 0.
num_chunks_returned_to_freelist: 0.
num_chunks_taken_from_freelist: 783.
num_chunk_merges: 0.
num_chunk_splits: 479.
num_chunks_enlarged: 316.
num_inconsistent_stats: 0.

CodeHeap 'non-profiled nmethods': size=120000Kb used=850Kb max_used=850Kb free=119149Kb
 bounds [0x000001febf010000, 0x000001febf280000, 0x000001fec6540000]
CodeHeap 'profiled nmethods': size=120000Kb used=4166Kb max_used=4166Kb free=115833Kb
 bounds [0x000001feb7540000, 0x000001feb7960000, 0x000001febea70000]
CodeHeap 'non-nmethods': size=5760Kb used=1242Kb max_used=1276Kb free=4517Kb
 bounds [0x000001febea70000, 0x000001febece0000, 0x000001febf010000]
 total_blobs=2700 nmethods=2153 adapters=459
 compilation: enabled
              stopped_count=0, restarted_count=0
 full_count=0

Compilation events (20 events):
Event: 22.290 Thread 0x000001ff180015c0 2144       3       java.util.HashMap::removeNode (291 bytes)
Event: 22.291 Thread 0x000001ff18000c00 2145       4       java.lang.invoke.Invokers$Holder::linkToTargetMethod (8 bytes)
Event: 22.293 Thread 0x000001ff18000c00 nmethod 2145 0x000001febf0e4090 code [0x000001febf0e4220, 0x000001febf0e42d8]
Event: 22.293 Thread 0x000001ff18000c00 2146       4       java.lang.invoke.LambdaForm$MH/0x000001fed4008400::invoke (8 bytes)
Event: 22.293 Thread 0x000001ff180015c0 nmethod 2144 0x000001feb794e010 code [0x000001feb794e2a0, 0x000001feb794f618]
Event: 22.293 Thread 0x000001ff180015c0 2147       3       java.lang.reflect.Method::hashCode (19 bytes)
Event: 22.294 Thread 0x000001ff180015c0 nmethod 2147 0x000001feb794fa90 code [0x000001feb794fc60, 0x000001feb794ff28]
Event: 22.294 Thread 0x000001ff18000c00 nmethod 2146 0x000001febf0e4410 code [0x000001febf0e4580, 0x000001febf0e4618]
Event: 22.295 Thread 0x000001ff180015c0 2148       3       java.util.stream.ReferencePipeline$2::opWrapSink (10 bytes)
Event: 22.296 Thread 0x000001ff180015c0 nmethod 2148 0x000001feb7950090 code [0x000001feb7950280, 0x000001feb7950848]
Event: 22.296 Thread 0x000001ff180015c0 2149       3       java.util.stream.ReferencePipeline$2$1::begin (13 bytes)
Event: 22.296 Thread 0x000001ff180015c0 nmethod 2149 0x000001feb7950a10 code [0x000001feb7950bc0, 0x000001feb7950da8]
Event: 22.298 Thread 0x000001ff180015c0 2150       3       java.util.stream.Collectors$$Lambda$43/0x800000051::get (16 bytes)
Event: 22.299 Thread 0x000001ff180015c0 nmethod 2150 0x000001feb7950e90 code [0x000001feb7951020, 0x000001feb7951188]
Event: 22.299 Thread 0x000001ff180015c0 2151       3       java.util.stream.Collectors::lambda$joining$11 (11 bytes)
Event: 22.299 Thread 0x000001ff180015c0 nmethod 2151 0x000001feb7951210 code [0x000001feb79513c0, 0x000001feb7951568]
Event: 22.299 Thread 0x000001ff180015c0 2152       3       java.util.stream.Collectors$$Lambda$46/0x800000054::apply (8 bytes)
Event: 22.299 Thread 0x000001ff180015c0 nmethod 2152 0x000001feb7951610 code [0x000001feb79517c0, 0x000001feb7951a08]
Event: 22.299 Thread 0x000001ff180015c0 2153       3       sun.security.provider.ByteArrayAccess::b2iBig64 (231 bytes)
Event: 22.310 Thread 0x000001ff18000c00 2156       4       java.util.stream.Sink::end (1 bytes)

GC Heap History (4 events):
Event: 0.631 GC heap before
{Heap before GC invocations=0 (full 0):
 garbage-first heap   total 258048K, used 22528K [0x0000000704e00000, 0x0000000800000000)
  region size 2048K, 11 young (22528K), 0 survivors (0K)
 Metaspace       used 7044K, committed 7360K, reserved 1114112K
  class space    used 800K, committed 960K, reserved 1048576K
}
Event: 0.635 GC heap after
{Heap after GC invocations=1 (full 0):
 garbage-first heap   total 258048K, used 6197K [0x0000000704e00000, 0x0000000800000000)
  region size 2048K, 2 young (4096K), 2 survivors (4096K)
 Metaspace       used 7044K, committed 7360K, reserved 1114112K
  class space    used 800K, committed 960K, reserved 1048576K
}
Event: 5.084 GC heap before
{Heap before GC invocations=1 (full 0):
 garbage-first heap   total 258048K, used 28725K [0x0000000704e00000, 0x0000000800000000)
  region size 2048K, 13 young (26624K), 2 survivors (4096K)
 Metaspace       used 16201K, committed 16576K, reserved 1114112K
  class space    used 1990K, committed 2176K, reserved 1048576K
}
Event: 5.091 GC heap after
{Heap after GC invocations=2 (full 0):
 garbage-first heap   total 258048K, used 9558K [0x0000000704e00000, 0x0000000800000000)
  region size 2048K, 2 young (4096K), 2 survivors (4096K)
 Metaspace       used 16201K, committed 16576K, reserved 1114112K
  class space    used 1990K, committed 2176K, reserved 1048576K
}

Deoptimization events (20 events):
Event: 3.146 Thread 0x000001ff1956fab0 Uncommon trap: trap_request=0xffffff45 fr.pc=0x000001febf0a96c0 relative=0x0000000000000180
Event: 3.146 Thread 0x000001ff1956fab0 Uncommon trap: reason=unstable_if action=reinterpret pc=0x000001febf0a96c0 method=java.util.concurrent.ConcurrentHashMap.addCount(JI)V @ 34 c2
Event: 3.146 Thread 0x000001ff1956fab0 DEOPT PACKING pc=0x000001febf0a96c0 sp=0x00000051db0fe830
Event: 3.146 Thread 0x000001ff1956fab0 DEOPT UNPACKING pc=0x000001febeac23a3 sp=0x00000051db0fe770 mode 2
Event: 3.241 Thread 0x000001ff1956f5a0 Uncommon trap: trap_request=0xffffff45 fr.pc=0x000001febf0acd18 relative=0x0000000000001538
Event: 3.241 Thread 0x000001ff1956f5a0 Uncommon trap: reason=unstable_if action=reinterpret pc=0x000001febf0acd18 method=java.util.concurrent.ConcurrentHashMap.transfer([Ljava/util/concurrent/ConcurrentHashMap$Node;[Ljava/util/concurrent/ConcurrentHashMap$Node;)V @ 26 c2
Event: 3.241 Thread 0x000001ff1956f5a0 DEOPT PACKING pc=0x000001febf0acd18 sp=0x00000051da1fd690
Event: 3.241 Thread 0x000001ff1956f5a0 DEOPT UNPACKING pc=0x000001febeac23a3 sp=0x00000051da1fd600 mode 2
Event: 3.242 Thread 0x000001ff18f774b0 Uncommon trap: trap_request=0xffffff45 fr.pc=0x000001febf0c6308 relative=0x0000000000004c88
Event: 3.242 Thread 0x000001ff18f774b0 Uncommon trap: reason=unstable_if action=reinterpret pc=0x000001febf0c6308 method=java.util.concurrent.ConcurrentHashMap.get(Ljava/lang/Object;)Ljava/lang/Object; @ 86 c2
Event: 3.242 Thread 0x000001ff18f774b0 DEOPT PACKING pc=0x000001febf0c6308 sp=0x00000051daefe450
Event: 3.242 Thread 0x000001ff18f774b0 DEOPT UNPACKING pc=0x000001febeac23a3 sp=0x00000051daefe360 mode 2
Event: 3.242 Thread 0x000001ff18f774b0 Uncommon trap: trap_request=0xffffff45 fr.pc=0x000001febf0a60e4 relative=0x0000000000000244
Event: 3.242 Thread 0x000001ff18f774b0 Uncommon trap: reason=unstable_if action=reinterpret pc=0x000001febf0a60e4 method=java.util.concurrent.ConcurrentHashMap.get(Ljava/lang/Object;)Ljava/lang/Object; @ 86 c2
Event: 3.242 Thread 0x000001ff18f774b0 DEOPT PACKING pc=0x000001febf0a60e4 sp=0x00000051daefe240
Event: 3.242 Thread 0x000001ff18f774b0 DEOPT UNPACKING pc=0x000001febeac23a3 sp=0x00000051daefe1a8 mode 2
Event: 3.242 Thread 0x000001ff1956f5a0 Uncommon trap: trap_request=0xffffff45 fr.pc=0x000001febf091438 relative=0x00000000000011d8
Event: 3.242 Thread 0x000001ff1956f5a0 Uncommon trap: reason=unstable_if action=reinterpret pc=0x000001febf091438 method=java.util.concurrent.ConcurrentHashMap.transfer([Ljava/util/concurrent/ConcurrentHashMap$Node;[Ljava/util/concurrent/ConcurrentHashMap$Node;)V @ 273 c2
Event: 3.242 Thread 0x000001ff1956f5a0 DEOPT PACKING pc=0x000001febf091438 sp=0x00000051da1fd690
Event: 3.242 Thread 0x000001ff1956f5a0 DEOPT UNPACKING pc=0x000001febeac23a3 sp=0x00000051da1fd600 mode 2

Classes unloaded (0 events):
No events

Classes redefined (0 events):
No events

Internal exceptions (20 events):
Event: 2.890 Thread 0x000001feadb8daa0 Exception <a 'java/lang/NoSuchMethodError'{0x0000000713ab1858}: 'int java.lang.invoke.DirectMethodHandle$Holder.invokeSpecialIFC(java.lang.Object, java.lang.Object, java.lang.Object, java.lang.Object)'> (0x0000000713ab1858) 
thrown [s\open\src\hotspot\share\interpreter\linkResolver.cpp, line 759]
Event: 2.897 Thread 0x000001feadb8daa0 Exception <a 'java/lang/NoSuchMethodError'{0x0000000713ad7270}: 'java.lang.Object java.lang.invoke.DirectMethodHandle$Holder.invokeVirtual(java.lang.Object, java.lang.Object, java.lang.Object, java.lang.Object)'> (0x0000000713ad7270) 
thrown [s\open\src\hotspot\share\interpreter\linkResolver.cpp, line 759]
Event: 3.046 Thread 0x000001ff195709e0 Exception <a 'java/net/ConnectException'{0x0000000713b584b8}: Connection refused: no further information> (0x0000000713b584b8) 
thrown [s\open\src\hotspot\share\prims\jni.cpp, line 535]
Event: 3.046 Thread 0x000001ff195709e0 Exception <a 'java/net/SocketException'{0x0000000713b587f0}: Socket is not connected: shutdown> (0x0000000713b587f0) 
thrown [s\open\src\hotspot\share\prims\jni.cpp, line 535]
Event: 3.059 Thread 0x000001ff195709e0 Exception <a 'java/net/ConnectException'{0x0000000713b59768}: Connection refused: no further information> (0x0000000713b59768) 
thrown [s\open\src\hotspot\share\prims\jni.cpp, line 535]
Event: 3.059 Thread 0x000001ff195709e0 Exception <a 'java/net/SocketException'{0x0000000713b59aa0}: Socket is not connected: shutdown> (0x0000000713b59aa0) 
thrown [s\open\src\hotspot\share\prims\jni.cpp, line 535]
Event: 3.089 Thread 0x000001ff195709e0 Exception <a 'java/net/ConnectException'{0x0000000713b5a948}: Connection refused: no further information> (0x0000000713b5a948) 
thrown [s\open\src\hotspot\share\prims\jni.cpp, line 535]
Event: 3.089 Thread 0x000001ff195709e0 Exception <a 'java/net/SocketException'{0x0000000713b5ac80}: Socket is not connected: shutdown> (0x0000000713b5ac80) 
thrown [s\open\src\hotspot\share\prims\jni.cpp, line 535]
Event: 3.179 Thread 0x000001feadb8daa0 Exception <a 'java/lang/NoSuchMethodError'{0x0000000713828470}: 'java.lang.Object java.lang.invoke.DirectMethodHandle$Holder.newInvokeSpecial(java.lang.Object, java.lang.Object, int, int)'> (0x0000000713828470) 
thrown [s\open\src\hotspot\share\interpreter\linkResolver.cpp, line 759]
Event: 3.180 Thread 0x000001feadb8daa0 Exception <a 'java/lang/NoSuchMethodError'{0x0000000713833200}: 'void java.lang.invoke.DirectMethodHandle$Holder.invokeStatic(java.lang.Object, java.lang.Object, int)'> (0x0000000713833200) 
thrown [s\open\src\hotspot\share\interpreter\linkResolver.cpp, line 759]
Event: 3.215 Thread 0x000001ff1956f5a0 Exception <a 'java/lang/NoSuchMethodError'{0x00000007139a21b0}: 'java.lang.Object java.lang.invoke.DirectMethodHandle$Holder.invokeSpecial(java.lang.Object, java.lang.Object, java.lang.Object, java.lang.Object, int)'> (0x00000007139a21b0) 
thrown [s\open\src\hotspot\share\interpreter\linkResolver.cpp, line 759]
Event: 3.215 Thread 0x000001ff1956f5a0 Exception <a 'java/lang/NoSuchMethodError'{0x00000007139a5fb8}: 'java.lang.Object java.lang.invoke.Invokers$Holder.linkToTargetMethod(java.lang.Object, java.lang.Object, int, java.lang.Object)'> (0x00000007139a5fb8) 
thrown [s\open\src\hotspot\share\interpreter\linkResolver.cpp, line 759]
Event: 3.232 Thread 0x000001ff1956f5a0 Exception <a 'java/lang/NoSuchMethodError'{0x00000007139f4b40}: 'void java.lang.invoke.DirectMethodHandle$Holder.invokeSpecial(java.lang.Object, java.lang.Object, java.lang.Object, java.lang.Object, java.lang.Object)'> (0x00000007139f4b40) 
thrown [s\open\src\hotspot\share\interpreter\linkResolver.cpp, line 759]
Event: 3.979 Thread 0x000001ff193933d0 Exception <a 'java/lang/NoSuchMethodError'{0x0000000713706c60}: 'java.lang.Object java.lang.invoke.DirectMethodHandle$Holder.newInvokeSpecial(java.lang.Object, java.lang.Object, long, java.lang.Object, java.lang.Object, java.lang.Object)'> (0x0000000713706c60) 
thrown [s\open\src\hotspot\share\interpreter\linkResolver.cpp, line 759]
Event: 3.983 Thread 0x000001ff193933d0 Exception <a 'java/lang/NoSuchMethodError'{0x000000071371ef60}: 'void java.lang.invoke.DirectMethodHandle$Holder.invokeSpecial(java.lang.Object, java.lang.Object, java.lang.Object, java.lang.Object, java.lang.Object, java.lang.Object, java.lang.Object)'> (0x000000071371ef60) 
thrown [s\open\src\hotspot\share\interpreter\linkResolver.cpp, line 759]
Event: 3.994 Thread 0x000001feadb8daa0 Exception <a 'java/lang/NoSuchMethodError'{0x00000007138e1740}: 'java.lang.Object java.lang.invoke.DirectMethodHandle$Holder.invokeSpecialIFC(java.lang.Object, java.lang.Object, java.lang.Object)'> (0x00000007138e1740) 
thrown [s\open\src\hotspot\share\interpreter\linkResolver.cpp, line 759]
Event: 5.118 Thread 0x000001feadb8daa0 Exception <a 'java/lang/ClassNotFoundException'{0x000000071498ad78}: sun/util/logging/resources/spi/loggingProvider> (0x000000071498ad78) 
thrown [s\open\src\hotspot\share\classfile\systemDictionary.cpp, line 256]
Event: 22.259 Thread 0x000001feadb8daa0 Exception <a 'java/lang/reflect/InvocationTargetException'{0x0000000714559058}> (0x0000000714559058) 
thrown [s\open\src\hotspot\share\runtime\reflection.cpp, line 1121]
Event: 22.311 Thread 0x000001feadb8daa0 Exception <a 'java/net/SocketException'{0x00000007145cd0c8}: Socket is not connected: shutdown> (0x00000007145cd0c8) 
thrown [s\open\src\hotspot\share\prims\jni.cpp, line 535]
Event: 22.312 Thread 0x000001feadb8daa0 Exception <a 'java/net/SocketException'{0x00000007145cd930}: Socket is not connected: shutdown> (0x00000007145cd930) 
thrown [s\open\src\hotspot\share\prims\jni.cpp, line 535]

VM Operations (20 events):
Event: 2.817 Executing VM operation: HandshakeAllThreads done
Event: 3.142 Executing VM operation: HandshakeAllThreads
Event: 3.142 Executing VM operation: HandshakeAllThreads done
Event: 3.145 Executing VM operation: HandshakeAllThreads
Event: 3.145 Executing VM operation: HandshakeAllThreads done
Event: 4.157 Executing VM operation: Cleanup
Event: 5.028 Executing VM operation: Cleanup done
Event: 5.083 Executing VM operation: G1CollectForAllocation
Event: 5.091 Executing VM operation: G1CollectForAllocation done
Event: 6.099 Executing VM operation: Cleanup
Event: 6.099 Executing VM operation: Cleanup done
Event: 7.109 Executing VM operation: Cleanup
Event: 7.110 Executing VM operation: Cleanup done
Event: 8.113 Executing VM operation: Cleanup
Event: 8.113 Executing VM operation: Cleanup done
Event: 12.156 Executing VM operation: Cleanup
Event: 12.156 Executing VM operation: Cleanup done
Event: 15.189 Executing VM operation: Cleanup
Event: 15.189 Executing VM operation: Cleanup done
Event: 23.241 Executing VM operation: Cleanup

Events (20 events):
Event: 5.119 loading class java/time/ZonedDateTime$1 done
Event: 8.159 Thread 0x000001ff1956f090 Thread exited: 0x000001ff1956f090
Event: 11.453 loading class java/lang/annotation/ElementType
Event: 11.453 loading class java/lang/annotation/ElementType done
Event: 11.484 loading class jdk/internal/reflect/UnsafeFieldAccessorFactory
Event: 11.484 loading class jdk/internal/reflect/UnsafeFieldAccessorFactory done
Event: 11.484 loading class jdk/internal/reflect/UnsafeObjectFieldAccessorImpl
Event: 11.484 loading class jdk/internal/reflect/UnsafeObjectFieldAccessorImpl done
Event: 11.485 loading class java/util/AbstractList$ListItr
Event: 11.485 loading class java/util/AbstractList$ListItr done
Event: 22.250 loading class java/util/TreeMap$EntrySpliterator
Event: 22.250 loading class java/util/TreeMap$EntrySpliterator done
Event: 22.275 loading class java/lang/StackTraceElement$HashedModules
Event: 22.276 loading class java/lang/StackTraceElement$HashedModules done
Event: 22.277 loading class java/io/PrintWriter
Event: 22.277 loading class java/io/PrintWriter done
Event: 22.277 loading class java/lang/Throwable$WrappedPrintWriter
Event: 22.277 loading class java/lang/Throwable$PrintStreamOrWriter
Event: 22.277 loading class java/lang/Throwable$PrintStreamOrWriter done
Event: 22.277 loading class java/lang/Throwable$WrappedPrintWriter done


Dynamic libraries:
0x00007ff7b21c0000 - 0x00007ff7b21d0000 	C:\Program Files\Java\jdk-17\bin\java.exe
0x00007ff856d40000 - 0x00007ff856fa0000 	C:\WINDOWS\SYSTEM32\ntdll.dll
0x00007ff856330000 - 0x00007ff8563f7000 	C:\WINDOWS\System32\KERNEL32.DLL
0x00007ff8542e0000 - 0x00007ff8546aa000 	C:\WINDOWS\System32\KERNELBASE.dll
0x00007ff853fb0000 - 0x00007ff8540fb000 	C:\WINDOWS\System32\ucrtbase.dll
0x00007ff82b480000 - 0x00007ff82b499000 	C:\Program Files\Java\jdk-17\bin\jli.dll
0x00007ff82b460000 - 0x00007ff82b47b000 	C:\Program Files\Java\jdk-17\bin\VCRUNTIME140.dll
0x00007ff856480000 - 0x00007ff856532000 	C:\WINDOWS\System32\ADVAPI32.dll
0x00007ff855090000 - 0x00007ff855139000 	C:\WINDOWS\System32\msvcrt.dll
0x00007ff854f60000 - 0x00007ff855006000 	C:\WINDOWS\System32\sechost.dll
0x00007ff8551b0000 - 0x00007ff8552c6000 	C:\WINDOWS\System32\RPCRT4.dll
0x00007ff854d90000 - 0x00007ff854f5c000 	C:\WINDOWS\System32\USER32.dll
0x00007ff839170000 - 0x00007ff839407000 	C:\WINDOWS\WinSxS\amd64_microsoft.windows.common-controls_6595b64144ccf1df_6.0.26100.3624_none_3e086962e3345f24\COMCTL32.dll
0x00007ff8548f0000 - 0x00007ff854917000 	C:\WINDOWS\System32\win32u.dll
0x00007ff855140000 - 0x00007ff85516a000 	C:\WINDOWS\System32\GDI32.dll
0x00007ff8541a0000 - 0x00007ff8542d1000 	C:\WINDOWS\System32\gdi32full.dll
0x00007ff854a90000 - 0x00007ff854b33000 	C:\WINDOWS\System32\msvcp_win.dll
0x00007ff83a2e0000 - 0x00007ff83a2eb000 	C:\WINDOWS\SYSTEM32\VERSION.dll
0x00007ff855170000 - 0x00007ff85519f000 	C:\WINDOWS\System32\IMM32.DLL
0x00007ff82ae90000 - 0x00007ff82ae9c000 	C:\Program Files\Java\jdk-17\bin\vcruntime140_1.dll
0x00007ff82ae00000 - 0x00007ff82ae8e000 	C:\Program Files\Java\jdk-17\bin\msvcp140.dll
0x00007ff819b90000 - 0x00007ff81a770000 	C:\Program Files\Java\jdk-17\bin\server\jvm.dll
0x00007ff856cf0000 - 0x00007ff856cf8000 	C:\WINDOWS\System32\PSAPI.DLL
0x00007ff84e8e0000 - 0x00007ff84e916000 	C:\WINDOWS\SYSTEM32\WINMM.dll
0x00007ff82adf0000 - 0x00007ff82adfa000 	C:\WINDOWS\SYSTEM32\WSOCK32.dll
0x00007ff856400000 - 0x00007ff856474000 	C:\WINDOWS\System32\ws2_32.DLL
0x00007ff852d30000 - 0x00007ff852d4a000 	C:\WINDOWS\SYSTEM32\kernel.appcore.dll
0x00007ff82ade0000 - 0x00007ff82adea000 	C:\Program Files\Java\jdk-17\bin\jimage.dll
0x00007ff8515b0000 - 0x00007ff8517f1000 	C:\WINDOWS\SYSTEM32\DBGHELP.DLL
0x00007ff855820000 - 0x00007ff855ba2000 	C:\WINDOWS\System32\combase.dll
0x00007ff855bb0000 - 0x00007ff855c86000 	C:\WINDOWS\System32\OLEAUT32.dll
0x00007ff839410000 - 0x00007ff839449000 	C:\WINDOWS\SYSTEM32\dbgcore.DLL
0x00007ff854100000 - 0x00007ff854199000 	C:\WINDOWS\System32\bcryptPrimitives.dll
0x00007ff819430000 - 0x00007ff819455000 	C:\Program Files\Java\jdk-17\bin\java.dll
0x00007ff819350000 - 0x00007ff819427000 	C:\Program Files\Java\jdk-17\bin\jsvml.dll
0x00007ff856540000 - 0x00007ff856c69000 	C:\WINDOWS\System32\SHELL32.dll
0x00007ff854920000 - 0x00007ff854a88000 	C:\WINDOWS\System32\wintypes.dll
0x00007ff851b90000 - 0x00007ff8523e2000 	C:\WINDOWS\SYSTEM32\windows.storage.dll
0x00007ff854b40000 - 0x00007ff854c2d000 	C:\WINDOWS\System32\SHCORE.dll
0x00007ff856c70000 - 0x00007ff856cd4000 	C:\WINDOWS\System32\shlwapi.dll
0x00007ff853e30000 - 0x00007ff853e5f000 	C:\WINDOWS\SYSTEM32\profapi.dll
0x00007ff8192d0000 - 0x00007ff8192e9000 	C:\Program Files\Java\jdk-17\bin\net.dll
0x00007ff8453e0000 - 0x00007ff8454fd000 	C:\WINDOWS\SYSTEM32\WINHTTP.dll
0x00007ff853250000 - 0x00007ff8532ba000 	C:\WINDOWS\system32\mswsock.dll
0x00007ff8192b0000 - 0x00007ff8192c6000 	C:\Program Files\Java\jdk-17\bin\nio.dll
0x00007ff819290000 - 0x00007ff8192a8000 	C:\Program Files\Java\jdk-17\bin\zip.dll
0x00007ff81ba70000 - 0x00007ff81ba7a000 	C:\Program Files\Java\jdk-17\bin\management.dll
0x00007ff81ba60000 - 0x00007ff81ba6b000 	C:\Program Files\Java\jdk-17\bin\management_ext.dll
0x00007ff8534f0000 - 0x00007ff85350c000 	C:\WINDOWS\SYSTEM32\CRYPTSP.dll
0x00007ff852c70000 - 0x00007ff852caa000 	C:\WINDOWS\system32\rsaenh.dll
0x00007ff8532f0000 - 0x00007ff85331b000 	C:\WINDOWS\SYSTEM32\USERENV.dll
0x00007ff853e00000 - 0x00007ff853e26000 	C:\WINDOWS\SYSTEM32\bcrypt.dll
0x00007ff853510000 - 0x00007ff85351c000 	C:\WINDOWS\SYSTEM32\CRYPTBASE.dll
0x00007ff852710000 - 0x00007ff852743000 	C:\WINDOWS\SYSTEM32\IPHLPAPI.DLL
0x00007ff856ce0000 - 0x00007ff856cea000 	C:\WINDOWS\System32\NSI.dll
0x00007ff84d4b0000 - 0x00007ff84d4cf000 	C:\WINDOWS\SYSTEM32\dhcpcsvc6.DLL
0x00007ff84d180000 - 0x00007ff84d1a5000 	C:\WINDOWS\SYSTEM32\dhcpcsvc.DLL
0x00007ff8527a0000 - 0x00007ff8528c5000 	C:\WINDOWS\SYSTEM32\DNSAPI.dll
0x00007ff84b200000 - 0x00007ff84b20b000 	C:\Windows\System32\rasadhlp.dll
0x00007ff84d5b0000 - 0x00007ff84d635000 	C:\WINDOWS\System32\fwpuclnt.dll
0x00007ff8188f0000 - 0x00007ff8188fe000 	C:\Program Files\Java\jdk-17\bin\sunmscapi.dll
0x00007ff8546b0000 - 0x00007ff854827000 	C:\WINDOWS\System32\CRYPT32.dll
0x00007ff8536f0000 - 0x00007ff853720000 	C:\WINDOWS\SYSTEM32\ncrypt.dll
0x00007ff8536a0000 - 0x00007ff8536df000 	C:\WINDOWS\SYSTEM32\NTASN1.dll
0x00007ff81bae0000 - 0x00007ff81bae8000 	C:\WINDOWS\system32\wshunix.dll

dbghelp: loaded successfully - version: 4.0.5 - missing functions: none
symbol engine: initialized successfully - sym options: 0x614 - pdb path: .;C:\Program Files\Java\jdk-17\bin;C:\WINDOWS\SYSTEM32;C:\WINDOWS\WinSxS\amd64_microsoft.windows.common-controls_6595b64144ccf1df_6.0.26100.3624_none_3e086962e3345f24;C:\Program Files\Java\jdk-17\bin\server

VM Arguments:
java_command: C:\Users\manoj\AppData\Local\Temp\surefire14364746757495096878\surefirebooter-20250410142225382_3.jar C:\Users\manoj\AppData\Local\Temp\surefire14364746757495096878 2025-04-10T14-22-25_222-jvmRun1 surefire-20250410142225382_1tmp surefire_0-20250410142225382_2tmp
java_class_path (initial): C:\Users\manoj\AppData\Local\Temp\surefire14364746757495096878\surefirebooter-20250410142225382_3.jar
Launcher Type: SUN_STANDARD

[Global flags]
     intx CICompilerCount                          = 4                                         {product} {ergonomic}
     uint ConcGCThreads                            = 3                                         {product} {ergonomic}
     uint G1ConcRefinementThreads                  = 10                                        {product} {ergonomic}
   size_t G1HeapRegionSize                         = 2097152                                   {product} {ergonomic}
    uintx GCDrainStackTargetSize                   = 64                                        {product} {ergonomic}
   size_t InitialHeapSize                          = 264241152                                 {product} {ergonomic}
   size_t MarkStackSize                            = 4194304                                   {product} {ergonomic}
   size_t MaxHeapSize                              = 4213178368                                {product} {ergonomic}
   size_t MaxNewSize                               = 2527068160                                {product} {ergonomic}
   size_t MinHeapDeltaBytes                        = 2097152                                   {product} {ergonomic}
   size_t MinHeapSize                              = 8388608                                   {product} {ergonomic}
    uintx NonNMethodCodeHeapSize                   = 5839372                                {pd product} {ergonomic}
    uintx NonProfiledCodeHeapSize                  = 122909434                              {pd product} {ergonomic}
    uintx ProfiledCodeHeapSize                     = 122909434                              {pd product} {ergonomic}
    uintx ReservedCodeCacheSize                    = 251658240                              {pd product} {ergonomic}
     bool SegmentedCodeCache                       = true                                      {product} {ergonomic}
   size_t SoftMaxHeapSize                          = 4213178368                             {manageable} {ergonomic}
     bool UseCompressedClassPointers               = true                           {product lp64_product} {ergonomic}
     bool UseCompressedOops                        = true                           {product lp64_product} {ergonomic}
     bool UseG1GC                                  = true                                      {product} {ergonomic}
     bool UseLargePagesIndividualAllocation        = false                                  {pd product} {ergonomic}

Logging:
Log output configuration:
 #0: stdout all=warning uptime,level,tags
 #1: stderr all=off uptime,level,tags

Environment Variables:
JAVA_HOME=C:\Program Files\Java\jdk-17\
PATH=C:/Users/manoj/.p2/pool/plugins/org.eclipse.justj.openjdk.hotspot.jre.full.win32.x86_64_23.0.2.v20250131-0604/jre/bin/server;C:/Users/manoj/.p2/pool/plugins/org.eclipse.justj.openjdk.hotspot.jre.full.win32.x86_64_23.0.2.v20250131-0604/jre/bin;C:\Program Files\Common Files\Oracle\Java\javapath;C:\Program Files (x86)\Common Files\Oracle\Java\java8path;C:\Program Files (x86)\Common Files\Oracle\Java\javapath;C:\WINDOWS\system32;C:\WINDOWS;C:\WINDOWS\System32\Wbem;C:\WINDOWS\System32\WindowsPowerShell\v1.0\;C:\WINDOWS\System32\OpenSSH\;C:\Program Files\dotnet\;C:\Program Files\Git\cmd;C:\Program Files\Java\jdk-17;C:\Users\manoj\Downloads\apache-maven-3.9.9-bin\apache-maven-3.9.9\bin;C:\Users\manoj\Downloads\apache-maven-3.9.9-bin\apache-maven-3.9.9\;%M2_MAVEN%\bin;C:\Program Files\Java\jdk-17\bin;C:\Program Files\Java\jdk-17\;C:\Program Files\Java\jdk-17\\lib;C:\Program Files\Git\bin;C:\Users\manoj\AppData\Local\Microsoft\WindowsApps;C:\Program Files\Tricentis\Mobile Agent;C:\Users\manoj\OneDrive\Desktop;
USERNAME=manoj
OS=Windows_NT
PROCESSOR_IDENTIFIER=Intel64 Family 6 Model 154 Stepping 4, GenuineIntel



---------------  S Y S T E M  ---------------

OS:
 Windows 11 , 64 bit Build 26100 (10.0.26100.3775)
OS uptime: 0 days 19:53 hours
Hyper-V role detected

CPU: total 12 (initial active 12) (6 cores per cpu, 2 threads per core) family 6 model 154 stepping 4 microcode 0x435, cx8, cmov, fxsr, ht, mmx, 3dnowpref, sse, sse2, sse3, ssse3, sse4.1, sse4.2, popcnt, lzcnt, tsc, tscinvbit, avx, avx2, aes, erms, clmul, bmi1, bmi2, adx, sha, fma, vzeroupper, clflush, clflushopt, clwb, hv

Memory: 4k page, system-wide physical 16068M (1576M free)
TotalPageFile size 37403M (AvailPageFile size 3M)
current process WorkingSet (physical memory assigned to process): 108M, peak: 118M
current process commit charge ("private bytes"): 374M, peak: 387M

vm_info: Java HotSpot(TM) 64-Bit Server VM (17.0.12+8-LTS-286) for windows-amd64 JRE (17.0.12+8-LTS-286), built on Jun  5 2024 06:46:59 by "mach5one" with MS VC++ 17.6 (VS2022)

END.
